{"/home/nealwp/source/smodg/src/formatters.ts": {"path":"/home/nealwp/source/smodg/src/formatters.ts","statementMap":{"0":{"start":{"line":4,"column":18},"end":{"line":14,"column":1}},"1":{"start":{"line":5,"column":4},"end":{"line":13,"column":7}},"2":{"start":{"line":6,"column":8},"end":{"line":12,"column":null}},"3":{"start":{"line":7,"column":12},"end":{"line":7,"column":39}},"4":{"start":{"line":8,"column":15},"end":{"line":12,"column":null}},"5":{"start":{"line":9,"column":12},"end":{"line":9,"column":39}},"6":{"start":{"line":11,"column":12},"end":{"line":11,"column":45}},"7":{"start":{"line":31,"column":9},"end":{"line":31,"column":18}},"8":{"start":{"line":19,"column":18},"end":{"line":29,"column":1}},"9":{"start":{"line":20,"column":4},"end":{"line":28,"column":7}},"10":{"start":{"line":21,"column":8},"end":{"line":27,"column":null}},"11":{"start":{"line":22,"column":12},"end":{"line":22,"column":39}},"12":{"start":{"line":23,"column":15},"end":{"line":27,"column":null}},"13":{"start":{"line":24,"column":12},"end":{"line":24,"column":39}},"14":{"start":{"line":26,"column":12},"end":{"line":26,"column":45}},"15":{"start":{"line":31,"column":20},"end":{"line":31,"column":29}}},"fnMap":{"0":{"name":"(anonymous_0)","decl":{"start":{"line":4,"column":18},"end":{"line":4,"column":19}},"loc":{"start":{"line":4,"column":34},"end":{"line":14,"column":1}}},"1":{"name":"(anonymous_1)","decl":{"start":{"line":5,"column":33},"end":{"line":5,"column":34}},"loc":{"start":{"line":5,"column":50},"end":{"line":13,"column":5}}},"2":{"name":"(anonymous_2)","decl":{"start":{"line":19,"column":18},"end":{"line":19,"column":19}},"loc":{"start":{"line":19,"column":34},"end":{"line":29,"column":1}}},"3":{"name":"(anonymous_3)","decl":{"start":{"line":20,"column":33},"end":{"line":20,"column":34}},"loc":{"start":{"line":20,"column":50},"end":{"line":28,"column":5}}}},"branchMap":{"0":{"loc":{"start":{"line":6,"column":8},"end":{"line":12,"column":null}},"type":"if","locations":[{"start":{"line":6,"column":8},"end":{"line":12,"column":null}},{"start":{"line":8,"column":15},"end":{"line":12,"column":null}}]},"1":{"loc":{"start":{"line":8,"column":15},"end":{"line":12,"column":null}},"type":"if","locations":[{"start":{"line":8,"column":15},"end":{"line":12,"column":null}},{"start":{"line":10,"column":15},"end":{"line":12,"column":null}}]},"2":{"loc":{"start":{"line":21,"column":8},"end":{"line":27,"column":null}},"type":"if","locations":[{"start":{"line":21,"column":8},"end":{"line":27,"column":null}},{"start":{"line":23,"column":15},"end":{"line":27,"column":null}}]},"3":{"loc":{"start":{"line":23,"column":15},"end":{"line":27,"column":null}},"type":"if","locations":[{"start":{"line":23,"column":15},"end":{"line":27,"column":null}},{"start":{"line":25,"column":15},"end":{"line":27,"column":null}}]}},"s":{"0":2,"1":5,"2":13,"3":1,"4":12,"5":2,"6":10,"7":2,"8":2,"9":3,"10":12,"11":1,"12":11,"13":2,"14":9,"15":2},"f":{"0":5,"1":13,"2":3,"3":12},"b":{"0":[1,12],"1":[2,10],"2":[1,11],"3":[2,9]}}
,"/home/nealwp/source/smodg/src/parser.ts": {"path":"/home/nealwp/source/smodg/src/parser.ts","statementMap":{"0":{"start":{"line":1,"column":0},"end":{"line":1,"column":28}},"1":{"start":{"line":2,"column":0},"end":{"line":2,"column":41}},"2":{"start":{"line":4,"column":35},"end":{"line":20,"column":1}},"3":{"start":{"line":5,"column":19},"end":{"line":5,"column":52}},"4":{"start":{"line":6,"column":33},"end":{"line":6,"column":57}},"5":{"start":{"line":8,"column":27},"end":{"line":8,"column":29}},"6":{"start":{"line":9,"column":28},"end":{"line":9,"column":30}},"7":{"start":{"line":11,"column":4},"end":{"line":14,"column":null}},"8":{"start":{"line":12,"column":8},"end":{"line":12,"column":null}},"9":{"start":{"line":13,"column":8},"end":{"line":13,"column":null}},"10":{"start":{"line":16,"column":28},"end":{"line":16,"column":74}},"11":{"start":{"line":18,"column":4},"end":{"line":18,"column":null}},"12":{"start":{"line":4,"column":13},"end":{"line":4,"column":35}},"13":{"start":{"line":22,"column":22},"end":{"line":32,"column":1}},"14":{"start":{"line":23,"column":19},"end":{"line":23,"column":52}},"15":{"start":{"line":24,"column":33},"end":{"line":24,"column":57}},"16":{"start":{"line":26,"column":27},"end":{"line":26,"column":29}},"17":{"start":{"line":27,"column":4},"end":{"line":29,"column":null}},"18":{"start":{"line":28,"column":8},"end":{"line":28,"column":null}},"19":{"start":{"line":31,"column":4},"end":{"line":31,"column":null}},"20":{"start":{"line":120,"column":9},"end":{"line":120,"column":22}},"21":{"start":{"line":34,"column":33},"end":{"line":44,"column":1}},"22":{"start":{"line":35,"column":19},"end":{"line":35,"column":52}},"23":{"start":{"line":36,"column":33},"end":{"line":36,"column":57}},"24":{"start":{"line":38,"column":28},"end":{"line":38,"column":30}},"25":{"start":{"line":39,"column":4},"end":{"line":41,"column":null}},"26":{"start":{"line":40,"column":8},"end":{"line":40,"column":null}},"27":{"start":{"line":43,"column":4},"end":{"line":43,"column":null}},"28":{"start":{"line":120,"column":82},"end":{"line":120,"column":106}},"29":{"start":{"line":47,"column":32},"end":{"line":49,"column":1}},"30":{"start":{"line":48,"column":3},"end":{"line":48,"column":null}},"31":{"start":{"line":51,"column":29},"end":{"line":71,"column":1}},"32":{"start":{"line":52,"column":23},"end":{"line":52,"column":89}},"33":{"start":{"line":53,"column":51},"end":{"line":53,"column":53}},"34":{"start":{"line":54,"column":4},"end":{"line":69,"column":7}},"35":{"start":{"line":55,"column":8},"end":{"line":68,"column":null}},"36":{"start":{"line":56,"column":28},"end":{"line":56,"column":74}},"37":{"start":{"line":57,"column":12},"end":{"line":57,"column":54}},"38":{"start":{"line":58,"column":24},"end":{"line":58,"column":38}},"39":{"start":{"line":59,"column":12},"end":{"line":65,"column":null}},"40":{"start":{"line":60,"column":16},"end":{"line":63,"column":19}},"41":{"start":{"line":64,"column":16},"end":{"line":64,"column":39}},"42":{"start":{"line":67,"column":12},"end":{"line":67,"column":41}},"43":{"start":{"line":70,"column":4},"end":{"line":70,"column":18}},"44":{"start":{"line":120,"column":24},"end":{"line":120,"column":44}},"45":{"start":{"line":73,"column":25},"end":{"line":101,"column":1}},"46":{"start":{"line":74,"column":51},"end":{"line":74,"column":53}},"47":{"start":{"line":75,"column":25},"end":{"line":75,"column":29}},"48":{"start":{"line":76,"column":20},"end":{"line":76,"column":22}},"49":{"start":{"line":77,"column":29},"end":{"line":77,"column":95}},"50":{"start":{"line":79,"column":4},"end":{"line":98,"column":null}},"51":{"start":{"line":80,"column":8},"end":{"line":88,"column":null}},"52":{"start":{"line":81,"column":12},"end":{"line":86,"column":null}},"53":{"start":{"line":82,"column":16},"end":{"line":84,"column":null}},"54":{"start":{"line":83,"column":20},"end":{"line":83,"column":43}},"55":{"start":{"line":85,"column":16},"end":{"line":85,"column":39}},"56":{"start":{"line":87,"column":12},"end":{"line":87,"column":21}},"57":{"start":{"line":90,"column":8},"end":{"line":97,"column":null}},"58":{"start":{"line":91,"column":30},"end":{"line":91,"column":63}},"59":{"start":{"line":92,"column":34},"end":{"line":92,"column":67}},"60":{"start":{"line":93,"column":12},"end":{"line":95,"column":null}},"61":{"start":{"line":94,"column":16},"end":{"line":94,"column":78}},"62":{"start":{"line":96,"column":12},"end":{"line":96,"column":34}},"63":{"start":{"line":100,"column":4},"end":{"line":100,"column":32}},"64":{"start":{"line":120,"column":46},"end":{"line":120,"column":62}},"65":{"start":{"line":103,"column":25},"end":{"line":116,"column":1}},"66":{"start":{"line":104,"column":4},"end":{"line":115,"column":null}},"67":{"start":{"line":106,"column":12},"end":{"line":106,"column":null}},"68":{"start":{"line":108,"column":12},"end":{"line":108,"column":null}},"69":{"start":{"line":110,"column":12},"end":{"line":110,"column":null}},"70":{"start":{"line":112,"column":12},"end":{"line":112,"column":null}},"71":{"start":{"line":114,"column":12},"end":{"line":114,"column":18}},"72":{"start":{"line":120,"column":64},"end":{"line":120,"column":80}}},"fnMap":{"0":{"name":"(anonymous_1)","decl":{"start":{"line":4,"column":35},"end":{"line":4,"column":36}},"loc":{"start":{"line":4,"column":79},"end":{"line":20,"column":1}}},"1":{"name":"(anonymous_2)","decl":{"start":{"line":11,"column":18},"end":{"line":11,"column":21}},"loc":{"start":{"line":11,"column":24},"end":{"line":14,"column":5}}},"2":{"name":"(anonymous_3)","decl":{"start":{"line":22,"column":22},"end":{"line":22,"column":23}},"loc":{"start":{"line":22,"column":46},"end":{"line":32,"column":1}}},"3":{"name":"(anonymous_4)","decl":{"start":{"line":27,"column":18},"end":{"line":27,"column":21}},"loc":{"start":{"line":27,"column":24},"end":{"line":29,"column":5}}},"4":{"name":"(anonymous_5)","decl":{"start":{"line":34,"column":33},"end":{"line":34,"column":34}},"loc":{"start":{"line":34,"column":57},"end":{"line":44,"column":1}}},"5":{"name":"(anonymous_6)","decl":{"start":{"line":39,"column":18},"end":{"line":39,"column":21}},"loc":{"start":{"line":39,"column":24},"end":{"line":41,"column":5}}},"6":{"name":"(anonymous_7)","decl":{"start":{"line":47,"column":32},"end":{"line":47,"column":33}},"loc":{"start":{"line":47,"column":74},"end":{"line":49,"column":1}}},"7":{"name":"(anonymous_8)","decl":{"start":{"line":51,"column":29},"end":{"line":51,"column":30}},"loc":{"start":{"line":51,"column":52},"end":{"line":71,"column":1}}},"8":{"name":"recur","decl":{"start":{"line":54,"column":41},"end":{"line":54,"column":46}},"loc":{"start":{"line":54,"column":51},"end":{"line":69,"column":5}}},"9":{"name":"(anonymous_10)","decl":{"start":{"line":73,"column":25},"end":{"line":73,"column":26}},"loc":{"start":{"line":73,"column":70},"end":{"line":101,"column":1}}},"10":{"name":"(anonymous_11)","decl":{"start":{"line":103,"column":25},"end":{"line":103,"column":26}},"loc":{"start":{"line":103,"column":44},"end":{"line":116,"column":1}}}},"branchMap":{"0":{"loc":{"start":{"line":48,"column":53},"end":{"line":48,"column":100}},"type":"cond-expr","locations":[{"start":{"line":48,"column":66},"end":{"line":48,"column":96}},{"start":{"line":48,"column":98},"end":{"line":48,"column":100}}]},"1":{"loc":{"start":{"line":55,"column":8},"end":{"line":68,"column":null}},"type":"if","locations":[{"start":{"line":55,"column":8},"end":{"line":68,"column":null}},{"start":{"line":66,"column":15},"end":{"line":68,"column":null}}]},"2":{"loc":{"start":{"line":80,"column":8},"end":{"line":88,"column":null}},"type":"if","locations":[{"start":{"line":80,"column":8},"end":{"line":88,"column":null}}]},"3":{"loc":{"start":{"line":81,"column":12},"end":{"line":86,"column":null}},"type":"if","locations":[{"start":{"line":81,"column":12},"end":{"line":86,"column":null}}]},"4":{"loc":{"start":{"line":82,"column":16},"end":{"line":84,"column":null}},"type":"if","locations":[{"start":{"line":82,"column":16},"end":{"line":84,"column":null}}]},"5":{"loc":{"start":{"line":90,"column":8},"end":{"line":97,"column":null}},"type":"if","locations":[{"start":{"line":90,"column":8},"end":{"line":97,"column":null}}]},"6":{"loc":{"start":{"line":93,"column":12},"end":{"line":95,"column":null}},"type":"if","locations":[{"start":{"line":93,"column":12},"end":{"line":95,"column":null}}]},"7":{"loc":{"start":{"line":104,"column":4},"end":{"line":115,"column":null}},"type":"switch","locations":[{"start":{"line":105,"column":8},"end":{"line":106,"column":null}},{"start":{"line":107,"column":8},"end":{"line":108,"column":null}},{"start":{"line":109,"column":8},"end":{"line":110,"column":null}},{"start":{"line":111,"column":8},"end":{"line":112,"column":null}},{"start":{"line":113,"column":8},"end":{"line":114,"column":18}}]}},"s":{"0":1,"1":1,"2":1,"3":0,"4":0,"5":0,"6":0,"7":0,"8":0,"9":0,"10":0,"11":0,"12":1,"13":1,"14":2,"15":2,"16":2,"17":2,"18":3,"19":2,"20":1,"21":1,"22":1,"23":1,"24":1,"25":1,"26":2,"27":1,"28":1,"29":1,"30":0,"31":1,"32":4,"33":4,"34":4,"35":8,"36":4,"37":4,"38":4,"39":4,"40":48,"41":48,"42":4,"43":4,"44":1,"45":1,"46":5,"47":5,"48":5,"49":5,"50":5,"51":62,"52":39,"53":8,"54":5,"55":8,"56":39,"57":23,"58":8,"59":8,"60":8,"61":8,"62":8,"63":5,"64":1,"65":1,"66":6,"67":3,"68":1,"69":1,"70":1,"71":0,"72":1},"f":{"0":0,"1":0,"2":2,"3":3,"4":1,"5":2,"6":0,"7":4,"8":8,"9":5,"10":6},"b":{"0":[0,0],"1":[4,4],"2":[39],"3":[8],"4":[5],"5":[8],"6":[8],"7":[3,1,1,1,0]}}
}
