TN:
SF:src/formatters.ts
FN:4,(anonymous_0)
FN:5,(anonymous_1)
FN:19,(anonymous_2)
FN:20,(anonymous_3)
FNF:4
FNH:4
FNDA:5,(anonymous_0)
FNDA:13,(anonymous_1)
FNDA:3,(anonymous_2)
FNDA:12,(anonymous_3)
DA:4,2
DA:5,5
DA:6,13
DA:7,1
DA:8,12
DA:9,2
DA:11,10
DA:19,2
DA:20,3
DA:21,12
DA:22,1
DA:23,11
DA:24,2
DA:26,9
DA:31,2
LF:15
LH:15
BRDA:6,0,0,1
BRDA:6,0,1,12
BRDA:8,1,0,2
BRDA:8,1,1,10
BRDA:21,2,0,1
BRDA:21,2,1,11
BRDA:23,3,0,2
BRDA:23,3,1,9
BRF:8
BRH:8
end_of_record
TN:
SF:src/parser.ts
FN:4,(anonymous_1)
FN:11,(anonymous_2)
FN:22,(anonymous_3)
FN:27,(anonymous_4)
FN:34,(anonymous_5)
FN:39,(anonymous_6)
FN:47,(anonymous_7)
FN:51,(anonymous_8)
FN:54,recur
FN:73,(anonymous_10)
FN:103,(anonymous_11)
FNF:11
FNH:8
FNDA:0,(anonymous_1)
FNDA:0,(anonymous_2)
FNDA:2,(anonymous_3)
FNDA:3,(anonymous_4)
FNDA:1,(anonymous_5)
FNDA:2,(anonymous_6)
FNDA:0,(anonymous_7)
FNDA:4,(anonymous_8)
FNDA:8,recur
FNDA:5,(anonymous_10)
FNDA:6,(anonymous_11)
DA:1,1
DA:2,1
DA:4,1
DA:5,0
DA:6,0
DA:8,0
DA:9,0
DA:11,0
DA:12,0
DA:13,0
DA:16,0
DA:18,0
DA:22,1
DA:23,2
DA:24,2
DA:26,2
DA:27,2
DA:28,3
DA:31,2
DA:34,1
DA:35,1
DA:36,1
DA:38,1
DA:39,1
DA:40,2
DA:43,1
DA:47,1
DA:48,0
DA:51,1
DA:52,4
DA:53,4
DA:54,4
DA:55,8
DA:56,4
DA:57,4
DA:58,4
DA:59,4
DA:60,48
DA:64,48
DA:67,4
DA:70,4
DA:73,1
DA:74,5
DA:75,5
DA:76,5
DA:77,5
DA:79,5
DA:80,62
DA:81,39
DA:82,8
DA:83,5
DA:85,8
DA:87,39
DA:90,23
DA:91,8
DA:92,8
DA:93,8
DA:94,8
DA:96,8
DA:100,5
DA:103,1
DA:104,6
DA:106,3
DA:108,1
DA:110,1
DA:112,1
DA:114,0
DA:120,1
LF:68
LH:57
BRDA:48,0,0,0
BRDA:48,0,1,0
BRDA:55,1,0,4
BRDA:55,1,1,4
BRDA:80,2,0,39
BRDA:81,3,0,8
BRDA:82,4,0,5
BRDA:90,5,0,8
BRDA:93,6,0,8
BRDA:104,7,0,3
BRDA:104,7,1,1
BRDA:104,7,2,1
BRDA:104,7,3,1
BRDA:104,7,4,0
BRF:14
BRH:11
end_of_record
